examw-test-app-core/proguard/seeds.txt
com.examw.test.R$anim
com.examw.test.R$anim: int fade_from_left_top
com.examw.test.R$anim: int fade_in
com.examw.test.R$anim: int fade_out
com.examw.test.R$anim: int grow_from_bottom
com.examw.test.R$anim: int grow_from_left_top
com.examw.test.R$anim: int loading
com.examw.test.R$anim: int slide_in_from_bottom
com.examw.test.R$anim: int slide_in_from_top
com.examw.test.R$anim: int slide_out_to_bottom
com.examw.test.R$anim: int slide_out_to_top
com.examw.test.R$anim: int translate_x
com.examw.test.R$array
com.examw.test.R$array: int home_grid_drawable_ids
com.examw.test.R$array: int home_grid_titles
com.examw.test.R$attr
com.examw.test.R$attr: int activeColor
com.examw.test.R$attr: int activeType
com.examw.test.R$attr: int behindOffset
com.examw.test.R$attr: int behindScrollScale
com.examw.test.R$attr: int behindWidth
com.examw.test.R$attr: int centered
com.examw.test.R$attr: int clipPadding
com.examw.test.R$attr: int customTypeface
com.examw.test.R$attr: int fadeDegree
com.examw.test.R$attr: int fadeEnabled
com.examw.test.R$attr: int fadeOut
com.examw.test.R$attr: int footerColor
com.examw.test.R$attr: int footerLineHeight
com.examw.test.R$attr: int footerTriangleHeight
com.examw.test.R$attr: int inactiveColor
com.examw.test.R$attr: int inactiveType
com.examw.test.R$attr: int mode
com.examw.test.R$attr: int ptrAdapterViewBackground
com.examw.test.R$attr: int ptrAnimationStyle
com.examw.test.R$attr: int ptrDrawable
com.examw.test.R$attr: int ptrDrawableBottom
com.examw.test.R$attr: int ptrDrawableEnd
com.examw.test.R$attr: int ptrDrawableStart
com.examw.test.R$attr: int ptrDrawableTop
com.examw.test.R$attr: int ptrHeaderBackground
com.examw.test.R$attr: int ptrHeaderSubTextColor
com.examw.test.R$attr: int ptrHeaderTextAppearance
com.examw.test.R$attr: int ptrHeaderTextColor
com.examw.test.R$attr: int ptrListViewExtrasEnabled
com.examw.test.R$attr: int ptrMode
com.examw.test.R$attr: int ptrOverScroll
com.examw.test.R$attr: int ptrRefreshableViewBackground
com.examw.test.R$attr: int ptrRotateDrawableWhilePulling
com.examw.test.R$color
com.examw.test.R$color: int Camblue
com.examw.test.R$color: int SlightlyBule
com.examw.test.R$color: int Slightlywhite
com.examw.test.R$color: int Yellow
com.examw.test.R$color: int answer_setting_color
com.examw.test.R$color: int ashen
com.examw.test.R$color: int ashen2
com.examw.test.R$color: int background
com.examw.test.R$color: int background_pressed
com.examw.test.R$color: int background_pressed1
com.examw.test.R$color: int black
com.examw.test.R$color: int blue
com.examw.test.R$color: int c_home_background
com.examw.test.R$color: int c_home_list_title
com.examw.test.R$color: int color_dark_grey
com.examw.test.R$color: int common_grey
com.examw.test.R$color: int control_bg
com.examw.test.R$color: int darkgray
com.examw.test.R$color: int darkyellew
com.examw.test.R$color: int deep_pink
com.examw.test.R$color: int default_bg_white
com.examw.test.R$color: int default_text_black
com.examw.test.R$color: int default_text_deep_gray
com.examw.test.R$color: int default_text_gray
com.examw.test.R$color: int default_text_night
com.examw.test.R$color: int default_text_white
com.examw.test.R$color: int face_bg
com.examw.test.R$color: int frame_button_text_nor
com.examw.test.R$color: int frame_button_text_select
com.examw.test.R$color: int gray
com.examw.test.R$color: int green
com.examw.test.R$color: int grey
com.examw.test.R$color: int grey2
com.examw.test.R$color: int hint_color
com.examw.test.R$color: int light_gray
com.examw.test.R$color: int lightbule
...
org.apache.commons.logging.LogFactory$3
org.apache.commons.logging.LogFactory$3: java.lang.ClassLoader val$loader
org.apache.commons.logging.LogFactory$3: java.lang.String val$name
org.apache.commons.logging.LogFactory$3: LogFactory$3(java.lang.ClassLoader,java.lang.String)
org.apache.commons.logging.LogFactory$3: java.lang.Object run()
org.apache.commons.logging.LogFactory$4
org.apache.commons.logging.LogFactory$4: java.lang.ClassLoader val$loader
org.apache.commons.logging.LogFactory$4: java.lang.String val$name
org.apache.commons.logging.LogFactory$4: LogFactory$4(java.lang.ClassLoader,java.lang.String)
org.apache.commons.logging.LogFactory$4: java.lang.Object run()
org.apache.commons.logging.LogFactory$5
org.apache.commons.logging.LogFactory$5: java.net.URL val$url
org.apache.commons.logging.LogFactory$5: LogFactory$5(java.net.URL)
org.apache.commons.logging.LogFactory$5: java.lang.Object run()
org.apache.commons.logging.LogFactory$6
org.apache.commons.logging.LogFactory$6: java.lang.String val$key
org.apache.commons.logging.LogFactory$6: java.lang.String val$def
org.apache.commons.logging.LogFactory$6: LogFactory$6(java.lang.String,java.lang.String)
org.apache.commons.logging.LogFactory$6: java.lang.Object run()
org.apache.commons.logging.LogSource
org.apache.commons.logging.LogSource: java.util.Hashtable logs
org.apache.commons.logging.LogSource: boolean log4jIsAvailable
org.apache.commons.logging.LogSource: boolean jdk14IsAvailable
org.apache.commons.logging.LogSource: java.lang.reflect.Constructor logImplctor
org.apache.commons.logging.LogSource: LogSource()
org.apache.commons.logging.LogSource: void setLogImplementation(java.lang.String)
org.apache.commons.logging.LogSource: void setLogImplementation(java.lang.Class)
org.apache.commons.logging.LogSource: org.apache.commons.logging.Log getInstance(java.lang.String)
org.apache.commons.logging.LogSource: org.apache.commons.logging.Log getInstance(java.lang.Class)
org.apache.commons.logging.LogSource: org.apache.commons.logging.Log makeNewLogInstance(java.lang.String)
org.apache.commons.logging.LogSource: java.lang.String[] getLogNames()
org.apache.commons.logging.LogSource: void <clinit>()
org.apache.commons.logging.impl.AvalonLogger
org.apache.commons.logging.impl.AvalonLogger: org.apache.avalon.framework.logger.Logger defaultLogger
org.apache.commons.logging.impl.AvalonLogger: org.apache.avalon.framework.logger.Logger logger
org.apache.commons.logging.impl.AvalonLogger: AvalonLogger(org.apache.avalon.framework.logger.Logger)
org.apache.commons.logging.impl.AvalonLogger: AvalonLogger(java.lang.String)
org.apache.commons.logging.impl.AvalonLogger: org.apache.avalon.framework.logger.Logger getLogger()
org.apache.commons.logging.impl.AvalonLogger: void setDefaultLogger(org.apache.avalon.framework.logger.Logger)
org.apache.commons.logging.impl.AvalonLogger: void debug(java.lang.Object,java.lang.Throwable)
org.apache.commons.logging.impl.AvalonLogger: void debug(java.lang.Object)
org.apache.commons.logging.impl.AvalonLogger: void error(java.lang.Object,java.lang.Throwable)
org.apache.commons.logging.impl.AvalonLogger: void error(java.lang.Object)
org.apache.commons.logging.impl.AvalonLogger: void fatal(java.lang.Object,java.lang.Throwable)
org.apache.commons.logging.impl.AvalonLogger: void fatal(java.lang.Object)
org.apache.commons.logging.impl.AvalonLogger: void info(java.lang.Object,java.lang.Throwable)
org.apache.commons.logging.impl.AvalonLogger: void info(java.lang.Object)
org.apache.commons.logging.impl.AvalonLogger: boolean isDebugEnabled()
org.apache.commons.logging.impl.AvalonLogger: boolean isErrorEnabled()