examw-test-app-core/proguard/mapping.txt
com.examw.test.R -> com.examw.test.R:
com.examw.test.R$anim -> com.examw.test.R$anim:
    int fade_from_left_top -> fade_from_left_top
    int fade_in -> fade_in
    int fade_out -> fade_out
    int grow_from_bottom -> grow_from_bottom
    int grow_from_left_top -> grow_from_left_top
    int loading -> loading
    int slide_in_from_bottom -> slide_in_from_bottom
    int slide_in_from_top -> slide_in_from_top
    int slide_out_to_bottom -> slide_out_to_bottom
    int slide_out_to_top -> slide_out_to_top
    int translate_x -> translate_x
com.examw.test.R$array -> com.examw.test.R$array:
    int home_grid_drawable_ids -> home_grid_drawable_ids
    int home_grid_titles -> home_grid_titles
com.examw.test.R$attr -> com.examw.test.R$attr:
    int activeColor -> activeColor
    int activeType -> activeType
    int behindOffset -> behindOffset
    int behindScrollScale -> behindScrollScale
    int behindWidth -> behindWidth
    int centered -> centered
    int clipPadding -> clipPadding
    int customTypeface -> customTypeface
    int fadeDegree -> fadeDegree
    int fadeEnabled -> fadeEnabled
    int fadeOut -> fadeOut
    int footerColor -> footerColor
    int footerLineHeight -> footerLineHeight
    int footerTriangleHeight -> footerTriangleHeight
    int inactiveColor -> inactiveColor
    int inactiveType -> inactiveType
    int mode -> mode
    int ptrAdapterViewBackground -> ptrAdapterViewBackground
    int ptrAnimationStyle -> ptrAnimationStyle
    int ptrDrawable -> ptrDrawable
    int ptrDrawableBottom -> ptrDrawableBottom
    int ptrDrawableEnd -> ptrDrawableEnd
    int ptrDrawableStart -> ptrDrawableStart
    int ptrDrawableTop -> ptrDrawableTop
    int ptrHeaderBackground -> ptrHeaderBackground
    int ptrHeaderSubTextColor -> ptrHeaderSubTextColor
    int ptrHeaderTextAppearance -> ptrHeaderTextAppearance
    int ptrHeaderTextColor -> ptrHeaderTextColor
    int ptrListViewExtrasEnabled -> ptrListViewExtrasEnabled
    int ptrMode -> ptrMode
    int ptrOverScroll -> ptrOverScroll
    int ptrRefreshableViewBackground -> ptrRefreshableViewBackground
    int ptrRotateDrawableWhilePulling -> ptrRotateDrawableWhilePulling
com.examw.test.R$color -> com.examw.test.R$color:
    int Camblue -> Camblue
    int SlightlyBule -> SlightlyBule
    int Slightlywhite -> Slightlywhite
    int Yellow -> Yellow
    int answer_setting_color -> answer_setting_color
    int ashen -> ashen
    int ashen2 -> ashen2
    int background -> background
    int background_pressed -> background_pressed
    int background_pressed1 -> background_pressed1
    int black -> black
    int blue -> blue
    int c_home_background -> c_home_background
    int c_home_list_title -> c_home_list_title
    int color_dark_grey -> color_dark_grey
    int common_grey -> common_grey
    int control_bg -> control_bg
    int darkgray -> darkgray
    int darkyellew -> darkyellew
    int deep_pink -> deep_pink
    int default_bg_white -> default_bg_white
    int default_text_black -> default_text_black
    int default_text_deep_gray -> default_text_deep_gray
    int default_text_gray -> default_text_gray
    int default_text_night -> default_text_night
    int default_text_white -> default_text_white
    int face_bg -> face_bg
    int frame_button_text_nor -> frame_button_text_nor
    int frame_button_text_select -> frame_button_text_select
    int gray -> gray
    int green -> green
    int grey -> grey
    int grey2 -> grey2
    int hint_color -> hint_color
    int light_gray -> light_gray
    int lightbule -> lightbule
    int lightbule2 -> lightbule2
    int lightgrey -> lightgrey
    int lightgrey2 -> lightgrey2
...
org.apache.commons.codec.language.Metaphone -> org.apache.commons.codec.language.Metaphone:
    java.lang.String vowels -> vowels
    java.lang.String frontv -> frontv
    java.lang.String varson -> varson
    int maxCodeLen -> maxCodeLen
    java.lang.String metaphone(java.lang.String) -> metaphone
    java.lang.Object encode(java.lang.Object) -> encode
    java.lang.String encode(java.lang.String) -> encode
    boolean isMetaphoneEqual(java.lang.String,java.lang.String) -> isMetaphoneEqual
    int getMaxCodeLen() -> getMaxCodeLen
    void setMaxCodeLen(int) -> setMaxCodeLen
org.apache.commons.codec.language.RefinedSoundex -> org.apache.commons.codec.language.RefinedSoundex:
    org.apache.commons.codec.language.RefinedSoundex US_ENGLISH -> US_ENGLISH
    char[] US_ENGLISH_MAPPING -> US_ENGLISH_MAPPING
    char[] soundexMapping -> soundexMapping
    int difference(java.lang.String,java.lang.String) -> difference
    java.lang.Object encode(java.lang.Object) -> encode
    java.lang.String encode(java.lang.String) -> encode
    char getMappingCode(char) -> getMappingCode
    java.lang.String soundex(java.lang.String) -> soundex
org.apache.commons.codec.language.Soundex -> org.apache.commons.codec.language.Soundex:
    org.apache.commons.codec.language.Soundex US_ENGLISH -> US_ENGLISH
    char[] US_ENGLISH_MAPPING -> US_ENGLISH_MAPPING
    int maxLength -> maxLength
    char[] soundexMapping -> soundexMapping
    int difference(java.lang.String,java.lang.String) -> difference
    java.lang.Object encode(java.lang.Object) -> encode
    java.lang.String encode(java.lang.String) -> encode
    char getMappingCode(java.lang.String,int) -> getMappingCode
    int getMaxLength() -> getMaxLength
    char[] getSoundexMapping() -> getSoundexMapping
    char map(char) -> map
    void setMaxLength(int) -> setMaxLength
    void setSoundexMapping(char[]) -> setSoundexMapping
    java.lang.String soundex(java.lang.String) -> soundex
org.apache.commons.codec.language.SoundexUtils -> org.apache.commons.codec.language.SoundexUtils:
    java.lang.String clean(java.lang.String) -> clean
    int difference(org.apache.commons.codec.StringEncoder,java.lang.String,java.lang.String) -> difference
    int differenceEncoded(java.lang.String,java.lang.String) -> differenceEncoded
org.apache.commons.codec.net.URLCodec -> org.apache.commons.codec.net.URLCodec:
    java.lang.String US_ASCII -> US_ASCII
    java.lang.String encoding -> encoding
    java.util.BitSet WWW_FORM_URL -> WWW_FORM_URL
    byte[] encodeUrl(java.util.BitSet,byte[]) -> encodeUrl
    byte[] decodeUrl(byte[]) -> decodeUrl
    byte[] encode(byte[]) -> encode
    byte[] decode(byte[]) -> decode
    java.lang.String encode(java.lang.String,java.lang.String) -> encode
    java.lang.String encode(java.lang.String) -> encode
    java.lang.String decode(java.lang.String,java.lang.String) -> decode
    java.lang.String decode(java.lang.String) -> decode
    java.lang.Object encode(java.lang.Object) -> encode
    java.lang.Object decode(java.lang.Object) -> decode
    java.lang.String getEncoding() -> getEncoding
org.apache.commons.httpclient.AutoCloseInputStream -> org.apache.commons.httpclient.AutoCloseInputStream:
    boolean streamOpen -> streamOpen
    boolean selfClosed -> selfClosed
    org.apache.commons.httpclient.ResponseConsumedWatcher watcher -> watcher
    int read() -> read
    int read(byte[],int,int) -> read
    int read(byte[]) -> read
    int available() -> available
    void close() -> close
    void checkClose(int) -> checkClose
    boolean isReadAllowed() -> isReadAllowed
    void notifyWatcher() -> notifyWatcher