examw-test-app-core/proguard/usage.txt
com.examw.test.BuildConfig
com.examw.test.Empty
com.examw.test.R:
    10:10:public R()
com.examw.test.adapter.ChapterChildExpendableListAdatper:
    public static final int ItemHeight
    public static final int PaddingLeft
    46:46:public java.util.ArrayList getChapters()
    55:56:public void removeAll()
com.examw.test.adapter.ChapterChildExpendableListAdatper$ViewHolder:
    android.widget.ImageView icon
com.examw.test.adapter.ChapterExpendableListAdatper$ViewHolder
com.examw.test.adapter.PracticeQuestionAdapter:
    private static final java.lang.String TAG
    449:494:private void showPics(int,java.lang.String,java.lang.String,java.lang.String,android.widget.LinearLayout,android.widget.TextView)
    498:513:private java.lang.String[] parseAddress(java.lang.String)
    598:602:public void setRadioEnable(android.widget.RadioGroup,boolean)
    62:62:static synthetic java.lang.String access$2(com.examw.test.adapter.PracticeQuestionAdapter)
com.examw.test.adapter.PracticeQuestionAdapter$ContentViewHolder:
    android.widget.ScrollView scrollView
    android.widget.Button noteBtn
    android.view.View$OnClickListener showAnswerListener
com.examw.test.adapter.PracticeQuestionAdapter$GetImageTask
com.examw.test.adapter.QuestionAdapter:
    private static final java.lang.String TAG
    483:487:public void setRadioEnable(android.widget.RadioGroup,boolean)
com.examw.test.adapter.QuestionAdapter$ContentViewHolder:
    android.widget.Button noteBtn
    android.view.View$OnClickListener showAnswerListener
com.examw.test.app.AppConfig:
    private static final java.lang.String APP_CONFIG
    public static final java.lang.String SHAREDPREFERENCES_NAME
    public static final java.lang.String CONF_REGISTRATION
    public static final java.lang.String CONF_APP_UNIQUEID
    public static final java.lang.String CONF_COOKIE
    public static final java.lang.String CONF_ACCESSTOKEN
    public static final java.lang.String CONF_ACCESSSECRET
    public static final java.lang.String CONF_EXPIRESIN
    public static final java.lang.String CONF_LOAD_IMAGE
    public static final java.lang.String CONF_SCROLL
    public static final java.lang.String CONF_HTTPS_LOGIN
    public static final java.lang.String CONF_VOICE
    public static final java.lang.String CONF_CHECKUP
    public static final java.lang.String CONF_EXAMTIME
    public static final java.lang.String CONF_AUTOLOGIN
    public static final java.lang.String CONF_SELECTED_COURSEID
    public static final java.lang.String CONF_EXAM_FONT_SIZE
    public static final java.lang.String CONF_LAST_SYNC_TIME
    public static final java.lang.String SAVE_IMAGE_PATH
    public static final java.lang.String DATABASE_NAME
    89:89:public static android.content.SharedPreferences getSharedPreferences(android.content.Context)
    96:96:public static boolean isLoadImage(android.content.Context)
    100:100:public java.lang.String getCookie()
    104:105:public void setAccessToken(java.lang.String)
...
com.google.gson.DefaultDateTypeAdapter
com.google.gson.FieldAttributes:
    53:53:public java.lang.Class getDeclaringClass()
    60:60:public java.lang.String getName()
    80:80:public java.lang.reflect.Type getDeclaredType()
    100:100:public java.lang.Class getDeclaredClass()
    111:111:public java.lang.annotation.Annotation getAnnotation(java.lang.Class)
    121:121:public java.util.Collection getAnnotations()
    135:135:public boolean hasModifier(int)
    146:146:java.lang.Object get(java.lang.Object)
    155:155:boolean isSynthetic()
com.google.gson.Gson:
    static final boolean DEFAULT_JSON_NON_EXECUTABLE
    private static final java.lang.String JSON_NON_EXECUTABLE_PREFIX
    469:472:public com.google.gson.JsonElement toJsonTree(java.lang.Object)
    492:494:public com.google.gson.JsonElement toJsonTree(java.lang.Object,java.lang.reflect.Type)
    553:558:public void toJson(java.lang.Object,java.lang.Appendable)
    747:750:public java.lang.Object fromJson(java.io.Reader,java.lang.Class)
    848:849:public java.lang.Object fromJson(com.google.gson.JsonElement,java.lang.Class)
    872:875:public java.lang.Object fromJson(com.google.gson.JsonElement,java.lang.reflect.Type)
com.google.gson.Gson$1:
    128:128:public java.lang.Object deserialize(com.google.gson.JsonElement,java.lang.reflect.Type)
com.google.gson.Gson$2:
    134:134:public com.google.gson.JsonElement serialize(java.lang.Object)
    137:137:public com.google.gson.JsonElement serialize(java.lang.Object,java.lang.reflect.Type)
com.google.gson.GsonBuilder
com.google.gson.JsonArray:
    45:49:com.google.gson.JsonArray deepCopy()
    70:71:public void addAll(com.google.gson.JsonArray)
    82:82:public com.google.gson.JsonElement set(int,com.google.gson.JsonElement)
    93:93:public boolean remove(com.google.gson.JsonElement)
    106:106:public com.google.gson.JsonElement remove(int)
    116:116:public boolean contains(com.google.gson.JsonElement)
    125:125:public int size()
    147:147:public com.google.gson.JsonElement get(int)
    209:212:public java.math.BigDecimal getAsBigDecimal()
    226:229:public java.math.BigInteger getAsBigInteger()
    242:245:public float getAsFloat()
    282:285:public byte getAsByte()
    290:293:public char getAsCharacter()
    306:309:public short getAsShort()
    33:33:bridge synthetic com.google.gson.JsonElement deepCopy()
com.google.gson.JsonDeserializationContext:
    public abstract java.lang.Object deserialize(com.google.gson.JsonElement,java.lang.reflect.Type)
com.google.gson.JsonDeserializer
com.google.gson.JsonElement:
    abstract com.google.gson.JsonElement deepCopy()
    136:139:public com.google.gson.JsonNull getAsJsonNull()
    217:217:public float getAsFloat()
    257:257:public byte getAsByte()
    271:271:public char getAsCharacter()
    285:285:public java.math.BigDecimal getAsBigDecimal()
    299:299:public java.math.BigInteger getAsBigInteger()
    312:312:public short getAsShort()
com.google.gson.JsonIOException:
    private static final long serialVersionUID
    33:34:public JsonIOException(java.lang.String,java.lang.Throwable)
com.google.gson.JsonNull:
    45:45:com.google.gson.JsonNull deepCopy()
    26:26:bridge synthetic com.google.gson.JsonElement deepCopy()